This file contains any messages produced by compilers while
running configure, to aid debugging if configure makes a mistake.

It was created by OpenCacheManager configure 1.0.17, which was
generated by GNU Autoconf 2.69.  Invocation command line was

  $ ./configure 

## --------- ##
## Platform. ##
## --------- ##

hostname = andreas-notebook2
uname -m = x86_64
uname -r = 4.4.71-1-MANJARO
uname -s = Linux
uname -v = #1 SMP PREEMPT Wed Jun 7 19:25:52 UTC 2017

/usr/bin/uname -p = unknown
/bin/uname -X     = unknown

/bin/arch              = unknown
/usr/bin/arch -k       = unknown
/usr/convex/getsysinfo = unknown
/usr/bin/hostinfo      = unknown
/bin/machine           = unknown
/usr/bin/oslevel       = unknown
/bin/universe          = unknown

PATH: /home/andreas/bin
PATH: /home/andreas/go/bin
PATH: /home/andreas/bin
PATH: /usr/local/sbin
PATH: /usr/local/bin
PATH: /usr/bin
PATH: /usr/bin/site_perl
PATH: /usr/bin/vendor_perl
PATH: /usr/bin/core_perl
PATH: /home/andreas/.minimesos/bin


## ----------- ##
## Core tests. ##
## ----------- ##

configure:1838: checking for a BSD-compatible install
configure:1906: result: /usr/bin/install -c
configure:1917: checking whether build environment is sane
configure:1972: result: yes
configure:2123: checking for a thread-safe mkdir -p
configure:2162: result: /usr/bin/mkdir -p
configure:2169: checking for gawk
configure:2185: found /usr/bin/gawk
configure:2196: result: gawk
configure:2207: checking whether make sets $(MAKE)
configure:2229: result: yes
configure:2258: checking whether make supports nested variables
configure:2275: result: yes
configure:2401: checking whether to enable maintainer-specific portions of Makefiles
configure:2410: result: no
configure:2426: checking for pkg-config
configure:2444: found /usr/bin/pkg-config
configure:2457: result: /usr/bin/pkg-config
configure:2526: checking for mcs
configure:2544: found /usr/bin/mcs
configure:2557: result: /usr/bin/mcs
configure:2746: checking pkg-config is at least version 0.9.0
configure:2749: result: yes
configure:2759: checking for WEBKIT_SHARP_10
configure:2766: $PKG_CONFIG --exists --print-errors "webkit-sharp-1.0"
configure:2769: $? = 0
configure:2783: $PKG_CONFIG --exists --print-errors "webkit-sharp-1.0"
configure:2786: $? = 0
configure:2844: result: yes
configure:2850: checking for GTK_SHARP_20
configure:2857: $PKG_CONFIG --exists --print-errors "gtk-sharp-2.0"
configure:2860: $? = 0
configure:2874: $PKG_CONFIG --exists --print-errors "gtk-sharp-2.0"
configure:2877: $? = 0
configure:2935: result: yes
configure:2941: checking for GLIB_SHARP_20
configure:2948: $PKG_CONFIG --exists --print-errors "glib-sharp-2.0"
configure:2951: $? = 0
configure:2965: $PKG_CONFIG --exists --print-errors "glib-sharp-2.0"
configure:2968: $? = 0
configure:3026: result: yes
configure:3032: checking for GCONF_SHARP_20
configure:3039: $PKG_CONFIG --exists --print-errors "gconf-sharp-2.0"
configure:3042: $? = 0
configure:3056: $PKG_CONFIG --exists --print-errors "gconf-sharp-2.0"
configure:3059: $? = 0
configure:3117: result: yes
configure:3123: checking for NDESK_DBUS_10
configure:3130: $PKG_CONFIG --exists --print-errors "dbus-sharp-2.0"
configure:3133: $? = 0
configure:3147: $PKG_CONFIG --exists --print-errors "dbus-sharp-2.0"
configure:3150: $? = 0
configure:3208: result: yes
configure:3214: checking for NDESK_DBUS_GLIB_10
configure:3221: $PKG_CONFIG --exists --print-errors "dbus-sharp-glib-2.0"
configure:3224: $? = 0
configure:3238: $PKG_CONFIG --exists --print-errors "dbus-sharp-glib-2.0"
configure:3241: $? = 0
configure:3299: result: yes
configure:3454: checking that generated files are newer than configure
configure:3460: result: done
configure:3488: creating ./config.status

## ---------------------- ##
## Running config.status. ##
## ---------------------- ##

This file was extended by OpenCacheManager config.status 1.0.17, which was
generated by GNU Autoconf 2.69.  Invocation command line was

  CONFIG_FILES    = 
  CONFIG_HEADERS  = 
  CONFIG_LINKS    = 
  CONFIG_COMMANDS = 
  $ ./config.status 

on andreas-notebook2

config.status:784: creating ocmengine/ocmengine.pc
config.status:784: creating ocmengine/Makefile
config.status:784: creating ocm-gtk/OCMApp.cs
config.status:784: creating ocm-gtk/Paths.cs
config.status:784: creating ocm-gtk/ocm-gtk
config.status:784: creating ocm-gtk/OCM.desktop
config.status:784: creating ocm-gtk/Makefile
config.status:784: creating Translations/Makefile
config.status:784: creating Makefile

## ---------------- ##
## Cache variables. ##
## ---------------- ##

ac_cv_env_GCONF_SHARP_20_CFLAGS_set=
ac_cv_env_GCONF_SHARP_20_CFLAGS_value=
ac_cv_env_GCONF_SHARP_20_LIBS_set=
ac_cv_env_GCONF_SHARP_20_LIBS_value=
ac_cv_env_GLIB_SHARP_20_CFLAGS_set=
ac_cv_env_GLIB_SHARP_20_CFLAGS_value=
ac_cv_env_GLIB_SHARP_20_LIBS_set=
ac_cv_env_GLIB_SHARP_20_LIBS_value=
ac_cv_env_GTK_SHARP_20_CFLAGS_set=
ac_cv_env_GTK_SHARP_20_CFLAGS_value=
ac_cv_env_GTK_SHARP_20_LIBS_set=
ac_cv_env_GTK_SHARP_20_LIBS_value=
ac_cv_env_NDESK_DBUS_10_CFLAGS_set=
ac_cv_env_NDESK_DBUS_10_CFLAGS_value=
ac_cv_env_NDESK_DBUS_10_LIBS_set=
ac_cv_env_NDESK_DBUS_10_LIBS_value=
ac_cv_env_NDESK_DBUS_GLIB_10_CFLAGS_set=
ac_cv_env_NDESK_DBUS_GLIB_10_CFLAGS_value=
ac_cv_env_NDESK_DBUS_GLIB_10_LIBS_set=
ac_cv_env_NDESK_DBUS_GLIB_10_LIBS_value=
ac_cv_env_PKG_CONFIG_LIBDIR_set=
ac_cv_env_PKG_CONFIG_LIBDIR_value=
ac_cv_env_PKG_CONFIG_PATH_set=
ac_cv_env_PKG_CONFIG_PATH_value=
ac_cv_env_PKG_CONFIG_set=
ac_cv_env_PKG_CONFIG_value=
ac_cv_env_WEBKIT_SHARP_10_CFLAGS_set=
ac_cv_env_WEBKIT_SHARP_10_CFLAGS_value=
ac_cv_env_WEBKIT_SHARP_10_LIBS_set=
ac_cv_env_WEBKIT_SHARP_10_LIBS_value=
ac_cv_env_build_alias_set=
ac_cv_env_build_alias_value=
ac_cv_env_host_alias_set=
ac_cv_env_host_alias_value=
ac_cv_env_target_alias_set=
ac_cv_env_target_alias_value=
ac_cv_path_GMCS=/usr/bin/mcs
ac_cv_path_PKG_CONFIG=/usr/bin/pkg-config
ac_cv_path_install='/usr/bin/install -c'
ac_cv_path_mkdir=/usr/bin/mkdir
ac_cv_prog_AWK=gawk
ac_cv_prog_make_make_set=yes
am_cv_make_support_nested_variables=yes
pkg_cv_GCONF_SHARP_20_CFLAGS=
pkg_cv_GCONF_SHARP_20_LIBS=-r:/usr/lib/mono/gtk-sharp-2.0/gconf-sharp.dll
pkg_cv_GLIB_SHARP_20_CFLAGS=-I:/usr/lib/pkgconfig/../../share/gapi-2.0/glib-api.xml
pkg_cv_GLIB_SHARP_20_LIBS=-r:/usr/lib/pkgconfig/../../lib/mono/gtk-sharp-2.0/glib-sharp.dll
pkg_cv_GTK_SHARP_20_CFLAGS='-I:/usr/lib/pkgconfig/../../share/gapi-2.0/pango-api.xml -I:/usr/lib/pkgconfig/../../share/gapi-2.0/atk-api.xml -I:/usr/lib/pkgconfig/../../share/gapi-2.0/gdk-api.xml -I:/usr/lib/pkgconfig/../../share/gapi-2.0/gtk-api.xml -I:/usr/lib/pkgconfig/../../share/gapi-2.0/glib-api.xml'
pkg_cv_GTK_SHARP_20_LIBS='-r:/usr/lib/pkgconfig/../../lib/mono/gtk-sharp-2.0/pango-sharp.dll -r:/usr/lib/pkgconfig/../../lib/mono/gtk-sharp-2.0/atk-sharp.dll -r:/usr/lib/pkgconfig/../../lib/mono/gtk-sharp-2.0/gdk-sharp.dll -r:/usr/lib/pkgconfig/../../lib/mono/gtk-sharp-2.0/gtk-sharp.dll -r:/usr/lib/pkgconfig/../../lib/mono/gtk-sharp-2.0/glib-sharp.dll'
pkg_cv_NDESK_DBUS_10_CFLAGS=
pkg_cv_NDESK_DBUS_10_LIBS=-r:/usr/lib/mono/dbus-sharp-2.0/dbus-sharp.dll
pkg_cv_NDESK_DBUS_GLIB_10_CFLAGS=
pkg_cv_NDESK_DBUS_GLIB_10_LIBS='-r:/usr/lib/mono/dbus-sharp-glib-2.0/dbus-sharp-glib.dll -r:/usr/lib/mono/dbus-sharp-2.0/dbus-sharp.dll'
pkg_cv_WEBKIT_SHARP_10_CFLAGS='-I:/usr/lib/pkgconfig/../../share/gapi-2.0/pango-api.xml -I:/usr/lib/pkgconfig/../../share/gapi-2.0/atk-api.xml -I:/usr/lib/pkgconfig/../../share/gapi-2.0/gdk-api.xml -I:/usr/lib/pkgconfig/../../share/gapi-2.0/gtk-api.xml -I:/usr/lib/pkgconfig/../../share/gapi-2.0/glib-api.xml'
pkg_cv_WEBKIT_SHARP_10_LIBS='-r:/usr/lib/mono/webkit-sharp/webkit-sharp.dll -r:/usr/lib/pkgconfig/../../lib/mono/gtk-sharp-2.0/pango-sharp.dll -r:/usr/lib/pkgconfig/../../lib/mono/gtk-sharp-2.0/atk-sharp.dll -r:/usr/lib/pkgconfig/../../lib/mono/gtk-sharp-2.0/gdk-sharp.dll -r:/usr/lib/pkgconfig/../../lib/mono/gtk-sharp-2.0/gtk-sharp.dll -r:/usr/lib/pkgconfig/../../lib/mono/gtk-sharp-2.0/glib-sharp.dll'

## ----------------- ##
## Output variables. ##
## ----------------- ##

ACLOCAL='${SHELL} /home/andreas/Projekte/opencache-manager/missing aclocal-1.14'
AMTAR='$${TAR-tar}'
AM_BACKSLASH='\'
AM_DEFAULT_V='$(AM_DEFAULT_VERBOSITY)'
AM_DEFAULT_VERBOSITY='1'
AM_V='$(V)'
AUTOCONF='${SHELL} /home/andreas/Projekte/opencache-manager/missing autoconf'
AUTOHEADER='${SHELL} /home/andreas/Projekte/opencache-manager/missing autoheader'
AUTOMAKE='${SHELL} /home/andreas/Projekte/opencache-manager/missing automake-1.14'
AWK='gawk'
CYGPATH_W='echo'
DEFS='-DPACKAGE_NAME=\"OpenCacheManager\" -DPACKAGE_TARNAME=\"opencachemanager\" -DPACKAGE_VERSION=\"1.0.17\" -DPACKAGE_STRING=\"OpenCacheManager\ 1.0.17\" -DPACKAGE_BUGREPORT=\"\" -DPACKAGE_URL=\"\" -DPACKAGE=\"opencachemanager\" -DVERSION=\"1.0.17\"'
ECHO_C=''
ECHO_N='-n'
ECHO_T=''
ENABLE_DEBUG_FALSE=''
ENABLE_DEBUG_TRUE='#'
ENABLE_RELEASE_FALSE=''
ENABLE_RELEASE_TRANSLATED_FALSE='#'
ENABLE_RELEASE_TRANSLATED_TRUE=''
ENABLE_RELEASE_TRUE='#'
GCONF_SHARP_20_CFLAGS=''
GCONF_SHARP_20_LIBS='-r:/usr/lib/mono/gtk-sharp-2.0/gconf-sharp.dll'
GLIB_SHARP_20_CFLAGS='-I:/usr/lib/pkgconfig/../../share/gapi-2.0/glib-api.xml'
GLIB_SHARP_20_LIBS='-r:/usr/lib/pkgconfig/../../lib/mono/gtk-sharp-2.0/glib-sharp.dll'
GMCS='/usr/bin/mcs'
GTK_SHARP_20_CFLAGS='-I:/usr/lib/pkgconfig/../../share/gapi-2.0/pango-api.xml -I:/usr/lib/pkgconfig/../../share/gapi-2.0/atk-api.xml -I:/usr/lib/pkgconfig/../../share/gapi-2.0/gdk-api.xml -I:/usr/lib/pkgconfig/../../share/gapi-2.0/gtk-api.xml -I:/usr/lib/pkgconfig/../../share/gapi-2.0/glib-api.xml'
GTK_SHARP_20_LIBS='-r:/usr/lib/pkgconfig/../../lib/mono/gtk-sharp-2.0/pango-sharp.dll -r:/usr/lib/pkgconfig/../../lib/mono/gtk-sharp-2.0/atk-sharp.dll -r:/usr/lib/pkgconfig/../../lib/mono/gtk-sharp-2.0/gdk-sharp.dll -r:/usr/lib/pkgconfig/../../lib/mono/gtk-sharp-2.0/gtk-sharp.dll -r:/usr/lib/pkgconfig/../../lib/mono/gtk-sharp-2.0/glib-sharp.dll'
INSTALL_DATA='${INSTALL} -m 644'
INSTALL_PROGRAM='${INSTALL}'
INSTALL_SCRIPT='${INSTALL}'
INSTALL_STRIP_PROGRAM='$(install_sh) -c -s'
LIBOBJS=''
LIBS=''
LTLIBOBJS=''
MAINT='#'
MAINTAINER_MODE_FALSE=''
MAINTAINER_MODE_TRUE='#'
MAKEINFO='${SHELL} /home/andreas/Projekte/opencache-manager/missing makeinfo'
MKDIR_P='/usr/bin/mkdir -p'
NDESK_DBUS_10_CFLAGS=''
NDESK_DBUS_10_LIBS='-r:/usr/lib/mono/dbus-sharp-2.0/dbus-sharp.dll'
NDESK_DBUS_GLIB_10_CFLAGS=''
NDESK_DBUS_GLIB_10_LIBS='-r:/usr/lib/mono/dbus-sharp-glib-2.0/dbus-sharp-glib.dll -r:/usr/lib/mono/dbus-sharp-2.0/dbus-sharp.dll'
PACKAGE='opencachemanager'
PACKAGE_BUGREPORT=''
PACKAGE_NAME='OpenCacheManager'
PACKAGE_STRING='OpenCacheManager 1.0.17'
PACKAGE_TARNAME='opencachemanager'
PACKAGE_URL=''
PACKAGE_VERSION='1.0.17'
PATH_SEPARATOR=':'
PKG_CONFIG='/usr/bin/pkg-config'
PKG_CONFIG_LIBDIR=''
PKG_CONFIG_PATH=''
SET_MAKE=''
SHELL='/bin/sh'
STRIP=''
VERSION='1.0.17'
WEBKIT_SHARP_10_CFLAGS='-I:/usr/lib/pkgconfig/../../share/gapi-2.0/pango-api.xml -I:/usr/lib/pkgconfig/../../share/gapi-2.0/atk-api.xml -I:/usr/lib/pkgconfig/../../share/gapi-2.0/gdk-api.xml -I:/usr/lib/pkgconfig/../../share/gapi-2.0/gtk-api.xml -I:/usr/lib/pkgconfig/../../share/gapi-2.0/glib-api.xml'
WEBKIT_SHARP_10_LIBS='-r:/usr/lib/mono/webkit-sharp/webkit-sharp.dll -r:/usr/lib/pkgconfig/../../lib/mono/gtk-sharp-2.0/pango-sharp.dll -r:/usr/lib/pkgconfig/../../lib/mono/gtk-sharp-2.0/atk-sharp.dll -r:/usr/lib/pkgconfig/../../lib/mono/gtk-sharp-2.0/gdk-sharp.dll -r:/usr/lib/pkgconfig/../../lib/mono/gtk-sharp-2.0/gtk-sharp.dll -r:/usr/lib/pkgconfig/../../lib/mono/gtk-sharp-2.0/glib-sharp.dll'
am__isrc=''
am__leading_dot='.'
am__tar='$${TAR-tar} chof - "$$tardir"'
am__untar='$${TAR-tar} xf -'
bindir='${exec_prefix}/bin'
build_alias=''
datadir='${datarootdir}'
datarootdir='${prefix}/share'
docdir='${datarootdir}/doc/${PACKAGE_TARNAME}'
dvidir='${docdir}'
exec_prefix='/usr/local'
expanded_bindir='/usr/local/bin'
expanded_datadir='/usr/local/share'
expanded_libdir='/usr/local/lib'
host_alias=''
htmldir='${docdir}'
includedir='${prefix}/include'
infodir='${datarootdir}/info'
install_sh='${SHELL} /home/andreas/Projekte/opencache-manager/install-sh'
libdir='${exec_prefix}/lib'
libexecdir='${exec_prefix}/libexec'
localedir='${datarootdir}/locale'
localstatedir='${prefix}/var'
mandir='${datarootdir}/man'
mkdir_p='$(MKDIR_P)'
oldincludedir='/usr/include'
pdfdir='${docdir}'
prefix='/usr/local'
program_transform_name='s,x,x,'
psdir='${docdir}'
sbindir='${exec_prefix}/sbin'
sharedstatedir='${prefix}/com'
sysconfdir='${prefix}/etc'
target_alias=''

## ----------- ##
## confdefs.h. ##
## ----------- ##

/* confdefs.h */
#define PACKAGE_NAME "OpenCacheManager"
#define PACKAGE_TARNAME "opencachemanager"
#define PACKAGE_VERSION "1.0.17"
#define PACKAGE_STRING "OpenCacheManager 1.0.17"
#define PACKAGE_BUGREPORT ""
#define PACKAGE_URL ""
#define PACKAGE "opencachemanager"
#define VERSION "1.0.17"

configure: exit 0
